<?xml version="1.0" encoding="UTF-8"?>
<testsuites name="Clemency Regression Testing" time="251.255" tests="4" failures="0" errors="1">
   <testsuite name="Clemency Regression Testing" tests="4" failures="0" errors="1" time="251.255" timestamp="2020-08-27 15:00:09" hostname="MIGUEL.ODA - EIS10L111462.accounts.cdcr.ca.gov" id="Test Suites/Clemency Regression Testing">
      <properties>
         <property name="deviceName" value=""/>
         <property name="devicePlatform" value=""/>
         <property name="logFolder" value="C:\\Users\\miguel.oda\\Documents\\KatalonProjects\\Clemency Scripts\\Reports\\20200827_150006\\Clemency Regression Testing\\20200827_150006"/>
         <property name="logFiles" value="C:\\Users\\miguel.oda\\Documents\\KatalonProjects\\Clemency Scripts\\Reports\\20200827_150006\\Clemency Regression Testing\\20200827_150006\\execution0.log"/>
         <property name="attachments" value=""/>
         <property name="hostName" value="MIGUEL.ODA - EIS10L111462.accounts.cdcr.ca.gov"/>
         <property name="os" value="Windows 10 64bit"/>
         <property name="katalonVersion" value="7.6.2.205"/>
         <property name="browser" value="Chrome 84.0.4147.135"/>
         <property name="hostAddress" value="10.124.46.37"/>
         <property name="sessionId" value="e1ac3c0b425dd8de0c145bd82794b345"/>
         <property name="seleniumVersion" value="3.141.59"/>
         <property name="proxyInformation" value="ProxyInformation { proxyOption=USE_SYSTEM, proxyServerType=HTTP, username=miguel.oda, password=********, proxyServerAddress=agency-proxy.lb.cdcr.ca.gov, proxyServerPort=8080, executionList=\&quot;cdcr.ca.gov;*.cdcr.ca.gov;*cphcs.ca.gov;*.corr.ca.gov;*.cya.ca.gov;ms-cal-\&quot;, isApplyToDesiredCapabilities=false }"/>
         <property name="platform" value="Windows 10"/>
      </properties>
      <testcase name="Test Cases/Clemency Regression Testing/1-InitiateClemencyCase" time="76.556" classname="Test Cases/Clemency Regression Testing/1-InitiateClemencyCase" status="PASSED">
         <system-out><![CDATA[2020-08-27 15:00:09 - [TEST_CASE][PASSED] - Test Cases/Clemency Regression Testing/1-InitiateClemencyCase: Test Cases/Clemency Regression Testing/1-InitiateClemencyCase

2020-08-27 15:00:10 - [TEST_STEP][PASSED] - openBrowser(""): Browser is opened with url: ''

2020-08-27 15:00:10 - [MESSAGE][INFO] - Starting 'Chrome' driver

2020-08-27 15:00:11 - [MESSAGE][INFO] - Action delay is set to 0 milliseconds

2020-08-27 15:00:14 - [MESSAGE][PASSED] - Browser is opened with url: ''

2020-08-27 15:00:14 - [TEST_STEP][PASSED] - deleteAllCookies(): Delete all cookies successfully

2020-08-27 15:00:14 - [MESSAGE][PASSED] - Delete all cookies successfully

2020-08-27 15:00:14 - [TEST_STEP][PASSED] - maximizeWindow(): Current window maximized

2020-08-27 15:00:15 - [MESSAGE][PASSED] - Current window maximized

2020-08-27 15:00:15 - [TEST_STEP][PASSED] - navigateToUrl(Url + "ngbits/clemency/support-staff"): Navigate to 'https://bits-dev4qa/ngbits/clemency/support-staff' successfully

2020-08-27 15:00:37 - [MESSAGE][PASSED] - Navigate to 'https://bits-dev4qa/ngbits/clemency/support-staff' successfully

2020-08-27 15:00:37 - [TEST_STEP][PASSED] - waitForElementVisible(findTestObject("ClemencyRegressionTesting/Support Staff/button_Initiate New Case"), 0): Object 'Object Repository/ClemencyRegressionTesting/Support Staff/button_Initiate New Case' is visible

2020-08-27 15:00:37 - [MESSAGE][WARNING] - Timeout '0' is invalid. Using default page load timeout: '30'

2020-08-27 15:00:56 - [MESSAGE][PASSED] - Object 'Object Repository/ClemencyRegressionTesting/Support Staff/button_Initiate New Case' is visible

2020-08-27 15:00:56 - [TEST_STEP][PASSED] - click(findTestObject("ClemencyRegressionTesting/Support Staff/button_Initiate New Case")): Object: 'Object Repository/ClemencyRegressionTesting/Support Staff/button_Initiate New Case' is clicked on

2020-08-27 15:00:57 - [MESSAGE][PASSED] - Object: 'Object Repository/ClemencyRegressionTesting/Support Staff/button_Initiate New Case' is clicked on

2020-08-27 15:00:57 - [TEST_STEP][PASSED] - click(findTestObject("ClemencyRegressionTesting/Support Staff/div_Documents_mat-select-arrow")): Object: 'Object Repository/ClemencyRegressionTesting/Support Staff/div_Documents_mat-select-arrow' is clicked on

2020-08-27 15:00:59 - [MESSAGE][PASSED] - Object: 'Object Repository/ClemencyRegressionTesting/Support Staff/div_Documents_mat-select-arrow' is clicked on

2020-08-27 15:00:59 - [TEST_STEP][PASSED] - click(findTestObject("ClemencyRegressionTesting/Support Staff/span_Pardon (CR)")): Object: 'Object Repository/ClemencyRegressionTesting/Support Staff/span_Pardon (CR)' is clicked on

2020-08-27 15:00:59 - [MESSAGE][PASSED] - Object: 'Object Repository/ClemencyRegressionTesting/Support Staff/span_Pardon (CR)' is clicked on

2020-08-27 15:00:59 - [TEST_STEP][PASSED] - click(findTestObject("ClemencyRegressionTesting/Support Staff/div_Expedite")): Object: 'Object Repository/ClemencyRegressionTesting/Support Staff/div_Expedite' is clicked on

2020-08-27 15:01:00 - [MESSAGE][PASSED] - Object: 'Object Repository/ClemencyRegressionTesting/Support Staff/div_Expedite' is clicked on

2020-08-27 15:01:00 - [TEST_STEP][PASSED] - click(findTestObject("ClemencyRegressionTesting/Support Staff/div_Expedite_mat-select-arrow")): Object: 'Object Repository/ClemencyRegressionTesting/Support Staff/div_Expedite_mat-select-arrow' is clicked on

2020-08-27 15:01:01 - [MESSAGE][PASSED] - Object: 'Object Repository/ClemencyRegressionTesting/Support Staff/div_Expedite_mat-select-arrow' is clicked on

2020-08-27 15:01:01 - [TEST_STEP][PASSED] - click(findTestObject("ClemencyRegressionTesting/Support Staff/span_Single Felony")): Object: 'Object Repository/ClemencyRegressionTesting/Support Staff/span_Single Felony' is clicked on

2020-08-27 15:01:01 - [MESSAGE][PASSED] - Object: 'Object Repository/ClemencyRegressionTesting/Support Staff/span_Single Felony' is clicked on

2020-08-27 15:01:01 - [TEST_STEP][PASSED] - click(findTestObject("ClemencyRegressionTesting/Support Staff/div_Source_mat-select-arrow-wrapper")): Object: 'Object Repository/ClemencyRegressionTesting/Support Staff/div_Source_mat-select-arrow-wrapper' is clicked on

2020-08-27 15:01:02 - [MESSAGE][PASSED] - Object: 'Object Repository/ClemencyRegressionTesting/Support Staff/div_Source_mat-select-arrow-wrapper' is clicked on

2020-08-27 15:01:02 - [TEST_STEP][PASSED] - click(findTestObject("ClemencyRegressionTesting/Support Staff/span_Court")): Object: 'Object Repository/ClemencyRegressionTesting/Support Staff/span_Court' is clicked on

2020-08-27 15:01:03 - [MESSAGE][PASSED] - Object: 'Object Repository/ClemencyRegressionTesting/Support Staff/span_Court' is clicked on

2020-08-27 15:01:03 - [TEST_STEP][PASSED] - CDATE = SimpleDateFormat(MM-dd-yyyy).format(getInstance().getTime()): null

2020-08-27 15:01:03 - [TEST_STEP][PASSED] - println("CurrentDate: " + CDATE): null

2020-08-27 15:01:03 - [TEST_STEP][PASSED] - setText(findTestObject("ClemencyRegressionTesting/Support Staff/input_Source_receivedDate"), CDATE): Text '08-27-2020' is set on object 'Object Repository/ClemencyRegressionTesting/Support Staff/input_Source_receivedDate'

2020-08-27 15:01:05 - [MESSAGE][PASSED] - Text '08-27-2020' is set on object 'Object Repository/ClemencyRegressionTesting/Support Staff/input_Source_receivedDate'

2020-08-27 15:01:05 - [TEST_STEP][PASSED] - setText(findTestObject("ClemencyRegressionTesting/Support Staff/input_Personal Details_first-name"), "KatalonSW"): Text 'KatalonSW' is set on object 'Object Repository/ClemencyRegressionTesting/Support Staff/input_Personal Details_first-name'

2020-08-27 15:01:06 - [MESSAGE][PASSED] - Text 'KatalonSW' is set on object 'Object Repository/ClemencyRegressionTesting/Support Staff/input_Personal Details_first-name'

2020-08-27 15:01:06 - [TEST_STEP][PASSED] - setText(findTestObject("ClemencyRegressionTesting/Support Staff/input_MiddleName"), "K"): Text 'K' is set on object 'Object Repository/ClemencyRegressionTesting/Support Staff/input_MiddleName'

2020-08-27 15:01:06 - [MESSAGE][PASSED] - Text 'K' is set on object 'Object Repository/ClemencyRegressionTesting/Support Staff/input_MiddleName'

2020-08-27 15:01:06 - [TEST_STEP][PASSED] - setText(findTestObject("ClemencyRegressionTesting/Support Staff/input_LastName"), "Studio"): Text 'Studio' is set on object 'Object Repository/ClemencyRegressionTesting/Support Staff/input_LastName'

2020-08-27 15:01:07 - [MESSAGE][PASSED] - Text 'Studio' is set on object 'Object Repository/ClemencyRegressionTesting/Support Staff/input_LastName'

2020-08-27 15:01:07 - [TEST_STEP][PASSED] - setText(findTestObject("ClemencyRegressionTesting/Support Staff/input_DOB"), "2/5/1990"): Text '2/5/1990' is set on object 'Object Repository/ClemencyRegressionTesting/Support Staff/input_DOB'

2020-08-27 15:01:08 - [MESSAGE][PASSED] - Text '2/5/1990' is set on object 'Object Repository/ClemencyRegressionTesting/Support Staff/input_DOB'

2020-08-27 15:01:08 - [TEST_STEP][PASSED] - setText(findTestObject("ClemencyRegressionTesting/Support Staff/input_SSN"), "123456789"): Text '123456789' is set on object 'Object Repository/ClemencyRegressionTesting/Support Staff/input_SSN'

2020-08-27 15:01:09 - [MESSAGE][PASSED] - Text '123456789' is set on object 'Object Repository/ClemencyRegressionTesting/Support Staff/input_SSN'

2020-08-27 15:01:09 - [TEST_STEP][PASSED] - setText(findTestObject("ClemencyRegressionTesting/Support Staff/input_DateSignedByApplicant"), CDATE): Text '08-27-2020' is set on object 'Object Repository/ClemencyRegressionTesting/Support Staff/input_DateSignedByApplicant'

2020-08-27 15:01:10 - [MESSAGE][PASSED] - Text '08-27-2020' is set on object 'Object Repository/ClemencyRegressionTesting/Support Staff/input_DateSignedByApplicant'

2020-08-27 15:01:10 - [TEST_STEP][NOT_RUN] - setText(findTestObject("ClemencyRegressionTesting/Support Staff/input_Identifiers_mat-input-1"), "BH6732"): NOT_RUN: setText(findTestObject("ClemencyRegressionTesting/Support Staff/input_Identifiers_mat-input-1"), "BH6732")

2020-08-27 15:01:10 - [MESSAGE][NOT_RUN] - NOT_RUN: setText(findTestObject("ClemencyRegressionTesting/Support Staff/input_Identifiers_mat-input-1"), "BH6732")

2020-08-27 15:01:10 - [TEST_STEP][PASSED] - setText(findTestObject("ClemencyRegressionTesting/Support Staff/input_CII"), "8800AC-879b"): Text '8800AC-879b' is set on object 'Object Repository/ClemencyRegressionTesting/Support Staff/input_CII'

2020-08-27 15:01:11 - [MESSAGE][PASSED] - Text '8800AC-879b' is set on object 'Object Repository/ClemencyRegressionTesting/Support Staff/input_CII'

2020-08-27 15:01:11 - [TEST_STEP][PASSED] - setText(findTestObject("ClemencyRegressionTesting/Support Staff/input_FBI"), "2345"): Text '2345' is set on object 'Object Repository/ClemencyRegressionTesting/Support Staff/input_FBI'

2020-08-27 15:01:12 - [MESSAGE][PASSED] - Text '2345' is set on object 'Object Repository/ClemencyRegressionTesting/Support Staff/input_FBI'

2020-08-27 15:01:12 - [TEST_STEP][PASSED] - setText(findTestObject("ClemencyRegressionTesting/Support Staff/input_Addresses_mat-input-19"), "222 Market Street"): Text '222 Market Street' is set on object 'Object Repository/ClemencyRegressionTesting/Support Staff/input_Addresses_mat-input-19'

2020-08-27 15:01:13 - [MESSAGE][PASSED] - Text '222 Market Street' is set on object 'Object Repository/ClemencyRegressionTesting/Support Staff/input_Addresses_mat-input-19'

2020-08-27 15:01:13 - [TEST_STEP][PASSED] - setText(findTestObject("ClemencyRegressionTesting/Support Staff/input_Residence Address_mat-input-20"), "San Francisco"): Text 'San Francisco' is set on object 'Object Repository/ClemencyRegressionTesting/Support Staff/input_Residence Address_mat-input-20'

2020-08-27 15:01:14 - [MESSAGE][PASSED] - Text 'San Francisco' is set on object 'Object Repository/ClemencyRegressionTesting/Support Staff/input_Residence Address_mat-input-20'

2020-08-27 15:01:14 - [TEST_STEP][PASSED] - setText(findTestObject("ClemencyRegressionTesting/Support Staff/input_City_mat-input-21"), "CA"): Text 'CA' is set on object 'Object Repository/ClemencyRegressionTesting/Support Staff/input_City_mat-input-21'

2020-08-27 15:01:14 - [MESSAGE][PASSED] - Text 'CA' is set on object 'Object Repository/ClemencyRegressionTesting/Support Staff/input_City_mat-input-21'

2020-08-27 15:01:14 - [TEST_STEP][PASSED] - setText(findTestObject("ClemencyRegressionTesting/Support Staff/input_Country_mat-input-22"), "95888"): Text '95888' is set on object 'Object Repository/ClemencyRegressionTesting/Support Staff/input_Country_mat-input-22'

2020-08-27 15:01:15 - [MESSAGE][PASSED] - Text '95888' is set on object 'Object Repository/ClemencyRegressionTesting/Support Staff/input_Country_mat-input-22'

2020-08-27 15:01:15 - [TEST_STEP][PASSED] - check(findTestObject("ClemencyRegressionTesting/Support Staff/div_Zip Code_mat-checkbox-inner-container")): Object 'Object Repository/ClemencyRegressionTesting/Support Staff/div_Zip Code_mat-checkbox-inner-container' is checked

2020-08-27 15:01:16 - [MESSAGE][PASSED] - Object 'Object Repository/ClemencyRegressionTesting/Support Staff/div_Zip Code_mat-checkbox-inner-container' is checked

2020-08-27 15:01:16 - [TEST_STEP][PASSED] - setText(findTestObject("ClemencyRegressionTesting/Support Staff/input_Phone Numbers  Email_mat-input-4"), "123-456-7890"): Text '123-456-7890' is set on object 'Object Repository/ClemencyRegressionTesting/Support Staff/input_Phone Numbers  Email_mat-input-4'

2020-08-27 15:01:17 - [MESSAGE][PASSED] - Text '123-456-7890' is set on object 'Object Repository/ClemencyRegressionTesting/Support Staff/input_Phone Numbers  Email_mat-input-4'

2020-08-27 15:01:17 - [TEST_STEP][PASSED] - setText(findTestObject("ClemencyRegressionTesting/Support Staff/input_WorkTelNum"), "9876543621"): Text '9876543621' is set on object 'Object Repository/ClemencyRegressionTesting/Support Staff/input_WorkTelNum'

2020-08-27 15:01:18 - [MESSAGE][PASSED] - Text '9876543621' is set on object 'Object Repository/ClemencyRegressionTesting/Support Staff/input_WorkTelNum'

2020-08-27 15:01:18 - [TEST_STEP][PASSED] - setText(findTestObject("ClemencyRegressionTesting/Support Staff/input_CellTelNum"), "3258741901"): Text '3258741901' is set on object 'Object Repository/ClemencyRegressionTesting/Support Staff/input_CellTelNum'

2020-08-27 15:01:19 - [MESSAGE][PASSED] - Text '3258741901' is set on object 'Object Repository/ClemencyRegressionTesting/Support Staff/input_CellTelNum'

2020-08-27 15:01:19 - [TEST_STEP][PASSED] - setText(findTestObject("ClemencyRegressionTesting/Support Staff/input_email"), "katalonstudio@ggmail.com"): Text 'katalonstudio@ggmail.com' is set on object 'Object Repository/ClemencyRegressionTesting/Support Staff/input_email'

2020-08-27 15:01:20 - [MESSAGE][PASSED] - Text 'katalonstudio@ggmail.com' is set on object 'Object Repository/ClemencyRegressionTesting/Support Staff/input_email'

2020-08-27 15:01:20 - [TEST_STEP][PASSED] - setText(findTestObject("ClemencyRegressionTesting/Support Staff/input_Jurisdiction"), "Los Angeles"): Text 'Los Angeles' is set on object 'Object Repository/ClemencyRegressionTesting/Support Staff/input_Jurisdiction'

2020-08-27 15:01:21 - [MESSAGE][PASSED] - Text 'Los Angeles' is set on object 'Object Repository/ClemencyRegressionTesting/Support Staff/input_Jurisdiction'

2020-08-27 15:01:21 - [TEST_STEP][PASSED] - setText(findTestObject("ClemencyRegressionTesting/Support Staff/input_CRNumber"), "1234"): Text '1234' is set on object 'Object Repository/ClemencyRegressionTesting/Support Staff/input_CRNumber'

2020-08-27 15:01:22 - [MESSAGE][PASSED] - Text '1234' is set on object 'Object Repository/ClemencyRegressionTesting/Support Staff/input_CRNumber'

2020-08-27 15:01:22 - [TEST_STEP][PASSED] - setText(findTestObject("ClemencyRegressionTesting/Support Staff/input_CR_hearingDT"), CDATE): Text '08-27-2020' is set on object 'Object Repository/ClemencyRegressionTesting/Support Staff/input_CR_hearingDT'

2020-08-27 15:01:23 - [MESSAGE][PASSED] - Text '08-27-2020' is set on object 'Object Repository/ClemencyRegressionTesting/Support Staff/input_CR_hearingDT'

2020-08-27 15:01:23 - [TEST_STEP][PASSED] - setText(findTestObject("ClemencyRegressionTesting/Support Staff/input_JudgeFirstName"), "Judge Katalon"): Text 'Judge Katalon' is set on object 'Object Repository/ClemencyRegressionTesting/Support Staff/input_JudgeFirstName'

2020-08-27 15:01:24 - [MESSAGE][PASSED] - Text 'Judge Katalon' is set on object 'Object Repository/ClemencyRegressionTesting/Support Staff/input_JudgeFirstName'

2020-08-27 15:01:24 - [TEST_STEP][PASSED] - setText(findTestObject("ClemencyRegressionTesting/Support Staff/input_JudgeLastName"), "Studio"): Text 'Studio' is set on object 'Object Repository/ClemencyRegressionTesting/Support Staff/input_JudgeLastName'

2020-08-27 15:01:25 - [MESSAGE][PASSED] - Text 'Studio' is set on object 'Object Repository/ClemencyRegressionTesting/Support Staff/input_JudgeLastName'

2020-08-27 15:01:25 - [TEST_STEP][NOT_RUN] - verifyElementPresent(findTestObject("ClemencyRegressionTesting/Support Staff/div_JudgeNotLegible"), 2): NOT_RUN: verifyElementPresent(findTestObject("ClemencyRegressionTesting/Support Staff/div_JudgeNotLegible"), 2)

2020-08-27 15:01:25 - [MESSAGE][NOT_RUN] - NOT_RUN: verifyElementPresent(findTestObject("ClemencyRegressionTesting/Support Staff/div_JudgeNotLegible"), 2)

2020-08-27 15:01:25 - [TEST_STEP][NOT_RUN] - comment("Validate 'Date Signed by Applicant' is cleared and disabled if user checks 'Date Not Available'."): NOT_RUN: comment("Validate 'Date Signed by Applicant' is cleared and disabled if user checks 'Date Not Available'.")

2020-08-27 15:01:25 - [MESSAGE][NOT_RUN] - NOT_RUN: comment("Validate 'Date Signed by Applicant' is cleared and disabled if user checks 'Date Not Available'.")

2020-08-27 15:01:25 - [TEST_STEP][NOT_RUN] - click(findTestObject("ClemencyRegressionTesting/Support Staff/div_DateNotAvailable_mat-checkbox-inner-container")): NOT_RUN: click(findTestObject("ClemencyRegressionTesting/Support Staff/div_DateNotAvailable_mat-checkbox-inner-container"))

2020-08-27 15:01:25 - [MESSAGE][NOT_RUN] - NOT_RUN: click(findTestObject("ClemencyRegressionTesting/Support Staff/div_DateNotAvailable_mat-checkbox-inner-container"))

2020-08-27 15:01:25 - [TEST_STEP][NOT_RUN] - setText(findTestObject("ClemencyRegressionTesting/Support Staff/input_DateSignedByApplicant"), CDATE, CONTINUE_ON_FAILURE): NOT_RUN: setText(findTestObject("ClemencyRegressionTesting/Support Staff/input_DateSignedByApplicant"), CDATE, CONTINUE_ON_FAILURE)

2020-08-27 15:01:25 - [MESSAGE][NOT_RUN] - NOT_RUN: setText(findTestObject("ClemencyRegressionTesting/Support Staff/input_DateSignedByApplicant"), CDATE, CONTINUE_ON_FAILURE)

2020-08-27 15:01:25 - [TEST_STEP][NOT_RUN] - comment("Validate "Judge" First Name and Last name are cleared and disabled is user checks 'Not Legible'."): NOT_RUN: comment("Validate "Judge" First Name and Last name are cleared and disabled is user checks 'Not Legible'.")

2020-08-27 15:01:25 - [MESSAGE][NOT_RUN] - NOT_RUN: comment("Validate "Judge" First Name and Last name are cleared and disabled is user checks 'Not Legible'.")

2020-08-27 15:01:25 - [TEST_STEP][NOT_RUN] - click(findTestObject("ClemencyRegressionTesting/Support Staff/div_NotLegible_mat-checkbox-inner-container")): NOT_RUN: click(findTestObject("ClemencyRegressionTesting/Support Staff/div_NotLegible_mat-checkbox-inner-container"))

2020-08-27 15:01:25 - [MESSAGE][NOT_RUN] - NOT_RUN: click(findTestObject("ClemencyRegressionTesting/Support Staff/div_NotLegible_mat-checkbox-inner-container"))

2020-08-27 15:01:25 - [TEST_STEP][PASSED] - click(findTestObject("ClemencyRegressionTesting/Support Staff/button_Save")): Object: 'Object Repository/ClemencyRegressionTesting/Support Staff/button_Save' is clicked on

2020-08-27 15:01:25 - [MESSAGE][PASSED] - Object: 'Object Repository/ClemencyRegressionTesting/Support Staff/button_Save' is clicked on

2020-08-27 15:01:25 - [TEST_STEP][PASSED] - closeBrowser(): Browser is closed

2020-08-27 15:01:26 - [MESSAGE][PASSED] - Browser is closed]]></system-out>
         <system-err><![CDATA[]]></system-err>
      </testcase>
      <testcase name="Test Cases/Clemency Regression Testing/2-SupportStaffEntryComplete" time="51.71" classname="Test Cases/Clemency Regression Testing/2-SupportStaffEntryComplete" status="PASSED">
         <system-out><![CDATA[2020-08-27 15:01:26 - [TEST_CASE][PASSED] - Test Cases/Clemency Regression Testing/2-SupportStaffEntryComplete: Test Cases/Clemency Regression Testing/2-SupportStaffEntryComplete

2020-08-27 15:01:26 - [TEST_STEP][PASSED] - openBrowser(""): Browser is opened with url: ''

2020-08-27 15:01:26 - [MESSAGE][INFO] - Starting 'Chrome' driver

2020-08-27 15:01:26 - [MESSAGE][INFO] - Action delay is set to 0 milliseconds

2020-08-27 15:01:29 - [MESSAGE][PASSED] - Browser is opened with url: ''

2020-08-27 15:01:29 - [TEST_STEP][PASSED] - deleteAllCookies(): Delete all cookies successfully

2020-08-27 15:01:29 - [MESSAGE][PASSED] - Delete all cookies successfully

2020-08-27 15:01:29 - [TEST_STEP][PASSED] - maximizeWindow(): Current window maximized

2020-08-27 15:01:30 - [MESSAGE][PASSED] - Current window maximized

2020-08-27 15:01:30 - [TEST_STEP][PASSED] - navigateToUrl(Url + "ngbits/clemency/support-staff"): Navigate to 'https://bits-dev4qa/ngbits/clemency/support-staff' successfully

2020-08-27 15:01:50 - [MESSAGE][PASSED] - Navigate to 'https://bits-dev4qa/ngbits/clemency/support-staff' successfully

2020-08-27 15:01:50 - [TEST_STEP][PASSED] - waitForElementVisible(findTestObject("ClemencyRegressionTesting/Supervisor Dashboard/table_PendingAssignment"), 0): Object 'Object Repository/ClemencyRegressionTesting/Supervisor Dashboard/table_PendingAssignment' is visible

2020-08-27 15:01:50 - [MESSAGE][WARNING] - Timeout '0' is invalid. Using default page load timeout: '30'

2020-08-27 15:02:09 - [MESSAGE][PASSED] - Object 'Object Repository/ClemencyRegressionTesting/Supervisor Dashboard/table_PendingAssignment' is visible

2020-08-27 15:02:09 - [TEST_STEP][PASSED] - driver = getWebDriver(): null

2020-08-27 15:02:09 - [TEST_STEP][PASSED] - ExpectedValue = "KatalonSW": null

2020-08-27 15:02:09 - [TEST_STEP][PASSED] - Table = driver.findElement(By.xpath("id("cdk-accordion-child-0")/div[@class="mat-expansion-panel-body"]/mdt-dynamic-table[1]/table[@class="mat-table"]")): null

2020-08-27 15:02:10 - [TEST_STEP][PASSED] - rows_table = Table.findElements(By.tagName("tr")): null

2020-08-27 15:02:10 - [TEST_STEP][PASSED] - rows_count = rows_table.size(): null

2020-08-27 15:02:10 - [TEST_STEP][PASSED] - for ([row = 0, row < rows_count, (row++)]): null

2020-08-27 15:02:10 - [TEST_STEP][PASSED] - Columns_row = get(row).findElements(By.tagName("td")): null

2020-08-27 15:02:10 - [TEST_STEP][PASSED] - columns_count = Columns_row.size(): null

2020-08-27 15:02:10 - [TEST_STEP][PASSED] - for ([column = 0, column < columns_count, (column++)]): null

2020-08-27 15:02:10 - [TEST_STEP][PASSED] - Columns_row = get(row).findElements(By.tagName("td")): null

2020-08-27 15:02:10 - [TEST_STEP][PASSED] - columns_count = Columns_row.size(): null

2020-08-27 15:02:10 - [TEST_STEP][PASSED] - for ([column = 0, column < columns_count, (column++)]): null

2020-08-27 15:02:10 - [TEST_STEP][PASSED] - celltext = get(column).getText(): null

2020-08-27 15:02:10 - [TEST_STEP][PASSED] - if (celltext == ExpectedValue): null

2020-08-27 15:02:10 - [TEST_STEP][PASSED] - celltext = get(column).getText(): null

2020-08-27 15:02:10 - [TEST_STEP][PASSED] - if (celltext == ExpectedValue): null

2020-08-27 15:02:10 - [TEST_STEP][PASSED] - celltext = get(column).getText(): null

2020-08-27 15:02:10 - [TEST_STEP][PASSED] - if (celltext == ExpectedValue): null

2020-08-27 15:02:10 - [TEST_STEP][PASSED] - celltext = get(column).getText(): null

2020-08-27 15:02:10 - [TEST_STEP][PASSED] - if (celltext == ExpectedValue): null

2020-08-27 15:02:10 - [TEST_STEP][PASSED] - celltext = get(column).getText(): null

2020-08-27 15:02:10 - [TEST_STEP][PASSED] - if (celltext == ExpectedValue): null

2020-08-27 15:02:10 - [TEST_STEP][PASSED] - celltext = get(column).getText(): null

2020-08-27 15:02:10 - [TEST_STEP][PASSED] - if (celltext == ExpectedValue): null

2020-08-27 15:02:10 - [TEST_STEP][PASSED] - celltext = get(column).getText(): null

2020-08-27 15:02:10 - [TEST_STEP][PASSED] - if (celltext == ExpectedValue): null

2020-08-27 15:02:10 - [TEST_STEP][PASSED] - Columns_row = get(row).findElements(By.tagName("td")): null

2020-08-27 15:02:11 - [TEST_STEP][PASSED] - columns_count = Columns_row.size(): null

2020-08-27 15:02:11 - [TEST_STEP][PASSED] - for ([column = 0, column < columns_count, (column++)]): null

2020-08-27 15:02:11 - [TEST_STEP][PASSED] - celltext = get(column).getText(): null

2020-08-27 15:02:11 - [TEST_STEP][PASSED] - if (celltext == ExpectedValue): null

2020-08-27 15:02:11 - [TEST_STEP][PASSED] - celltext = get(column).getText(): null

2020-08-27 15:02:11 - [TEST_STEP][PASSED] - if (celltext == ExpectedValue): null

2020-08-27 15:02:11 - [TEST_STEP][PASSED] - CaseID = get(0).getText(): null

2020-08-27 15:02:11 - [TEST_STEP][PASSED] - println("Case ID: " + CaseID): null

2020-08-27 15:02:11 - [TEST_STEP][PASSED] - tagName("button")).click(): null

2020-08-27 15:02:11 - [TEST_STEP][PASSED] - break: null

2020-08-27 15:02:11 - [TEST_STEP][PASSED] - waitForElementVisible(findTestObject("ClemencyRegressionTesting/Support Staff/button_Entry Complete"), 0): Object 'Object Repository/ClemencyRegressionTesting/Support Staff/button_Entry Complete' is visible

2020-08-27 15:02:11 - [MESSAGE][WARNING] - Timeout '0' is invalid. Using default page load timeout: '30'

2020-08-27 15:02:13 - [MESSAGE][PASSED] - Object 'Object Repository/ClemencyRegressionTesting/Support Staff/button_Entry Complete' is visible

2020-08-27 15:02:13 - [TEST_STEP][PASSED] - click(findTestObject("ClemencyRegressionTesting/Support Staff/button_Entry Complete")): Object: 'Object Repository/ClemencyRegressionTesting/Support Staff/button_Entry Complete' is clicked on

2020-08-27 15:02:14 - [MESSAGE][PASSED] - Object: 'Object Repository/ClemencyRegressionTesting/Support Staff/button_Entry Complete' is clicked on

2020-08-27 15:02:14 - [TEST_STEP][PASSED] - delay(3): Delayed 3 second(s)

2020-08-27 15:02:17 - [MESSAGE][PASSED] - Delayed 3 second(s)

2020-08-27 15:02:17 - [TEST_STEP][PASSED] - closeBrowser(): Browser is closed

2020-08-27 15:02:18 - [MESSAGE][PASSED] - Browser is closed]]></system-out>
         <system-err><![CDATA[]]></system-err>
      </testcase>
      <testcase name="Test Cases/Clemency Regression Testing/3-SupervisorAssignCase" time="72.58" classname="Test Cases/Clemency Regression Testing/3-SupervisorAssignCase" status="PASSED">
         <system-out><![CDATA[2020-08-27 15:02:18 - [TEST_CASE][PASSED] - Test Cases/Clemency Regression Testing/3-SupervisorAssignCase: Test Cases/Clemency Regression Testing/3-SupervisorAssignCase

2020-08-27 15:02:18 - [TEST_STEP][PASSED] - openBrowser(""): Browser is opened with url: ''

2020-08-27 15:02:18 - [MESSAGE][INFO] - Starting 'Chrome' driver

2020-08-27 15:02:18 - [MESSAGE][INFO] - Action delay is set to 0 milliseconds

2020-08-27 15:02:20 - [MESSAGE][PASSED] - Browser is opened with url: ''

2020-08-27 15:02:20 - [TEST_STEP][PASSED] - deleteAllCookies(): Delete all cookies successfully

2020-08-27 15:02:20 - [MESSAGE][PASSED] - Delete all cookies successfully

2020-08-27 15:02:20 - [TEST_STEP][PASSED] - maximizeWindow(): Current window maximized

2020-08-27 15:02:22 - [MESSAGE][PASSED] - Current window maximized

2020-08-27 15:02:22 - [TEST_STEP][PASSED] - navigateToUrl(Url + "ngbits/clemency/supervisor"): Navigate to 'https://bits-dev4qa/ngbits/clemency/supervisor' successfully

2020-08-27 15:03:00 - [MESSAGE][PASSED] - Navigate to 'https://bits-dev4qa/ngbits/clemency/supervisor' successfully

2020-08-27 15:03:00 - [TEST_STEP][PASSED] - waitForElementVisible(findTestObject("ClemencyRegressionTesting/Supervisor Dashboard/table_PendingAssignment"), 0): Object 'Object Repository/ClemencyRegressionTesting/Supervisor Dashboard/table_PendingAssignment' is visible

2020-08-27 15:03:00 - [MESSAGE][WARNING] - Timeout '0' is invalid. Using default page load timeout: '30'

2020-08-27 15:03:21 - [MESSAGE][PASSED] - Object 'Object Repository/ClemencyRegressionTesting/Supervisor Dashboard/table_PendingAssignment' is visible

2020-08-27 15:03:21 - [TEST_STEP][PASSED] - driver = getWebDriver(): null

2020-08-27 15:03:21 - [TEST_STEP][PASSED] - ExpectedValue = "KatalonSW": null

2020-08-27 15:03:21 - [TEST_STEP][PASSED] - Table = driver.findElement(By.xpath("id("cdk-accordion-child-0")/div[@class="mat-expansion-panel-body"]/mdt-dynamic-table[1]/table[@class="mat-table"]")): null

2020-08-27 15:03:21 - [TEST_STEP][PASSED] - rows_table = Table.findElements(By.tagName("tr")): null

2020-08-27 15:03:22 - [TEST_STEP][PASSED] - rows_count = rows_table.size(): null

2020-08-27 15:03:22 - [TEST_STEP][PASSED] - for ([row = 0, row < rows_count, (row++)]): null

2020-08-27 15:03:22 - [TEST_STEP][PASSED] - Columns_row = get(row).findElements(By.tagName("td")): null

2020-08-27 15:03:22 - [TEST_STEP][PASSED] - columns_count = Columns_row.size(): null

2020-08-27 15:03:22 - [TEST_STEP][PASSED] - for ([column = 0, column < columns_count, (column++)]): null

2020-08-27 15:03:22 - [TEST_STEP][PASSED] - Columns_row = get(row).findElements(By.tagName("td")): null

2020-08-27 15:03:22 - [TEST_STEP][PASSED] - columns_count = Columns_row.size(): null

2020-08-27 15:03:22 - [TEST_STEP][PASSED] - for ([column = 0, column < columns_count, (column++)]): null

2020-08-27 15:03:22 - [TEST_STEP][PASSED] - celltext = get(column).getText(): null

2020-08-27 15:03:22 - [TEST_STEP][PASSED] - if (celltext == ExpectedValue): null

2020-08-27 15:03:22 - [TEST_STEP][PASSED] - celltext = get(column).getText(): null

2020-08-27 15:03:22 - [TEST_STEP][PASSED] - if (celltext == ExpectedValue): null

2020-08-27 15:03:22 - [TEST_STEP][PASSED] - celltext = get(column).getText(): null

2020-08-27 15:03:22 - [TEST_STEP][PASSED] - if (celltext == ExpectedValue): null

2020-08-27 15:03:22 - [TEST_STEP][PASSED] - celltext = get(column).getText(): null

2020-08-27 15:03:22 - [TEST_STEP][PASSED] - if (celltext == ExpectedValue): null

2020-08-27 15:03:22 - [TEST_STEP][PASSED] - celltext = get(column).getText(): null

2020-08-27 15:03:22 - [TEST_STEP][PASSED] - if (celltext == ExpectedValue): null

2020-08-27 15:03:22 - [TEST_STEP][PASSED] - celltext = get(column).getText(): null

2020-08-27 15:03:22 - [TEST_STEP][PASSED] - if (celltext == ExpectedValue): null

2020-08-27 15:03:22 - [TEST_STEP][PASSED] - celltext = get(column).getText(): null

2020-08-27 15:03:22 - [TEST_STEP][PASSED] - if (celltext == ExpectedValue): null

2020-08-27 15:03:22 - [TEST_STEP][PASSED] - celltext = get(column).getText(): null

2020-08-27 15:03:22 - [TEST_STEP][PASSED] - if (celltext == ExpectedValue): null

2020-08-27 15:03:22 - [TEST_STEP][PASSED] - celltext = get(column).getText(): null

2020-08-27 15:03:22 - [TEST_STEP][PASSED] - if (celltext == ExpectedValue): null

2020-08-27 15:03:22 - [TEST_STEP][PASSED] - Columns_row = get(row).findElements(By.tagName("td")): null

2020-08-27 15:03:23 - [TEST_STEP][PASSED] - columns_count = Columns_row.size(): null

2020-08-27 15:03:23 - [TEST_STEP][PASSED] - for ([column = 0, column < columns_count, (column++)]): null

2020-08-27 15:03:23 - [TEST_STEP][PASSED] - celltext = get(column).getText(): null

2020-08-27 15:03:23 - [TEST_STEP][PASSED] - if (celltext == ExpectedValue): null

2020-08-27 15:03:23 - [TEST_STEP][PASSED] - celltext = get(column).getText(): null

2020-08-27 15:03:23 - [TEST_STEP][PASSED] - if (celltext == ExpectedValue): null

2020-08-27 15:03:23 - [TEST_STEP][PASSED] - celltext = get(column).getText(): null

2020-08-27 15:03:23 - [TEST_STEP][PASSED] - if (celltext == ExpectedValue): null

2020-08-27 15:03:23 - [TEST_STEP][PASSED] - celltext = get(column).getText(): null

2020-08-27 15:03:23 - [TEST_STEP][PASSED] - if (celltext == ExpectedValue): null

2020-08-27 15:03:23 - [TEST_STEP][PASSED] - celltext = get(column).getText(): null

2020-08-27 15:03:23 - [TEST_STEP][PASSED] - if (celltext == ExpectedValue): null

2020-08-27 15:03:23 - [TEST_STEP][PASSED] - celltext = get(column).getText(): null

2020-08-27 15:03:23 - [TEST_STEP][PASSED] - if (celltext == ExpectedValue): null

2020-08-27 15:03:23 - [TEST_STEP][PASSED] - celltext = get(column).getText(): null

2020-08-27 15:03:23 - [TEST_STEP][PASSED] - if (celltext == ExpectedValue): null

2020-08-27 15:03:23 - [TEST_STEP][PASSED] - celltext = get(column).getText(): null

2020-08-27 15:03:23 - [TEST_STEP][PASSED] - if (celltext == ExpectedValue): null

2020-08-27 15:03:23 - [TEST_STEP][PASSED] - celltext = get(column).getText(): null

2020-08-27 15:03:23 - [TEST_STEP][PASSED] - if (celltext == ExpectedValue): null

2020-08-27 15:03:23 - [TEST_STEP][PASSED] - Columns_row = get(row).findElements(By.tagName("td")): null

2020-08-27 15:03:23 - [TEST_STEP][PASSED] - columns_count = Columns_row.size(): null

2020-08-27 15:03:23 - [TEST_STEP][PASSED] - for ([column = 0, column < columns_count, (column++)]): null

2020-08-27 15:03:23 - [TEST_STEP][PASSED] - celltext = get(column).getText(): null

2020-08-27 15:03:23 - [TEST_STEP][PASSED] - if (celltext == ExpectedValue): null

2020-08-27 15:03:23 - [TEST_STEP][PASSED] - celltext = get(column).getText(): null

2020-08-27 15:03:23 - [TEST_STEP][PASSED] - if (celltext == ExpectedValue): null

2020-08-27 15:03:23 - [TEST_STEP][PASSED] - celltext = get(column).getText(): null

2020-08-27 15:03:23 - [TEST_STEP][PASSED] - if (celltext == ExpectedValue): null

2020-08-27 15:03:23 - [TEST_STEP][PASSED] - celltext = get(column).getText(): null

2020-08-27 15:03:23 - [TEST_STEP][PASSED] - if (celltext == ExpectedValue): null

2020-08-27 15:03:23 - [TEST_STEP][PASSED] - celltext = get(column).getText(): null

2020-08-27 15:03:23 - [TEST_STEP][PASSED] - if (celltext == ExpectedValue): null

2020-08-27 15:03:23 - [TEST_STEP][PASSED] - celltext = get(column).getText(): null

2020-08-27 15:03:23 - [TEST_STEP][PASSED] - if (celltext == ExpectedValue): null

2020-08-27 15:03:23 - [TEST_STEP][PASSED] - celltext = get(column).getText(): null

2020-08-27 15:03:23 - [TEST_STEP][PASSED] - if (celltext == ExpectedValue): null

2020-08-27 15:03:23 - [TEST_STEP][PASSED] - celltext = get(column).getText(): null

2020-08-27 15:03:23 - [TEST_STEP][PASSED] - if (celltext == ExpectedValue): null

2020-08-27 15:03:23 - [TEST_STEP][PASSED] - celltext = get(column).getText(): null

2020-08-27 15:03:23 - [TEST_STEP][PASSED] - if (celltext == ExpectedValue): null

2020-08-27 15:03:23 - [TEST_STEP][PASSED] - Columns_row = get(row).findElements(By.tagName("td")): null

2020-08-27 15:03:23 - [TEST_STEP][PASSED] - columns_count = Columns_row.size(): null

2020-08-27 15:03:23 - [TEST_STEP][PASSED] - for ([column = 0, column < columns_count, (column++)]): null

2020-08-27 15:03:23 - [TEST_STEP][PASSED] - celltext = get(column).getText(): null

2020-08-27 15:03:23 - [TEST_STEP][PASSED] - if (celltext == ExpectedValue): null

2020-08-27 15:03:23 - [TEST_STEP][PASSED] - celltext = get(column).getText(): null

2020-08-27 15:03:23 - [TEST_STEP][PASSED] - if (celltext == ExpectedValue): null

2020-08-27 15:03:23 - [TEST_STEP][PASSED] - celltext = get(column).getText(): null

2020-08-27 15:03:23 - [TEST_STEP][PASSED] - if (celltext == ExpectedValue): null

2020-08-27 15:03:23 - [TEST_STEP][PASSED] - celltext = get(column).getText(): null

2020-08-27 15:03:23 - [TEST_STEP][PASSED] - if (celltext == ExpectedValue): null

2020-08-27 15:03:23 - [TEST_STEP][PASSED] - celltext = get(column).getText(): null

2020-08-27 15:03:23 - [TEST_STEP][PASSED] - if (celltext == ExpectedValue): null

2020-08-27 15:03:23 - [TEST_STEP][PASSED] - celltext = get(column).getText(): null

2020-08-27 15:03:23 - [TEST_STEP][PASSED] - if (celltext == ExpectedValue): null

2020-08-27 15:03:23 - [TEST_STEP][PASSED] - celltext = get(column).getText(): null

2020-08-27 15:03:24 - [TEST_STEP][PASSED] - if (celltext == ExpectedValue): null

2020-08-27 15:03:24 - [TEST_STEP][PASSED] - celltext = get(column).getText(): null

2020-08-27 15:03:24 - [TEST_STEP][PASSED] - if (celltext == ExpectedValue): null

2020-08-27 15:03:24 - [TEST_STEP][PASSED] - celltext = get(column).getText(): null

2020-08-27 15:03:24 - [TEST_STEP][PASSED] - if (celltext == ExpectedValue): null

2020-08-27 15:03:24 - [TEST_STEP][PASSED] - Columns_row = get(row).findElements(By.tagName("td")): null

2020-08-27 15:03:24 - [TEST_STEP][PASSED] - columns_count = Columns_row.size(): null

2020-08-27 15:03:24 - [TEST_STEP][PASSED] - for ([column = 0, column < columns_count, (column++)]): null

2020-08-27 15:03:24 - [TEST_STEP][PASSED] - celltext = get(column).getText(): null

2020-08-27 15:03:24 - [TEST_STEP][PASSED] - if (celltext == ExpectedValue): null

2020-08-27 15:03:24 - [TEST_STEP][PASSED] - celltext = get(column).getText(): null

2020-08-27 15:03:24 - [TEST_STEP][PASSED] - if (celltext == ExpectedValue): null

2020-08-27 15:03:24 - [TEST_STEP][PASSED] - celltext = get(column).getText(): null

2020-08-27 15:03:24 - [TEST_STEP][PASSED] - if (celltext == ExpectedValue): null

2020-08-27 15:03:24 - [TEST_STEP][PASSED] - celltext = get(column).getText(): null

2020-08-27 15:03:24 - [TEST_STEP][PASSED] - if (celltext == ExpectedValue): null

2020-08-27 15:03:24 - [TEST_STEP][PASSED] - celltext = get(column).getText(): null

2020-08-27 15:03:24 - [TEST_STEP][PASSED] - if (celltext == ExpectedValue): null

2020-08-27 15:03:24 - [TEST_STEP][PASSED] - celltext = get(column).getText(): null

2020-08-27 15:03:24 - [TEST_STEP][PASSED] - if (celltext == ExpectedValue): null

2020-08-27 15:03:24 - [TEST_STEP][PASSED] - celltext = get(column).getText(): null

2020-08-27 15:03:24 - [TEST_STEP][PASSED] - if (celltext == ExpectedValue): null

2020-08-27 15:03:24 - [TEST_STEP][PASSED] - celltext = get(column).getText(): null

2020-08-27 15:03:24 - [TEST_STEP][PASSED] - if (celltext == ExpectedValue): null

2020-08-27 15:03:24 - [TEST_STEP][PASSED] - celltext = get(column).getText(): null

2020-08-27 15:03:24 - [TEST_STEP][PASSED] - if (celltext == ExpectedValue): null

2020-08-27 15:03:24 - [TEST_STEP][PASSED] - Columns_row = get(row).findElements(By.tagName("td")): null

2020-08-27 15:03:24 - [TEST_STEP][PASSED] - columns_count = Columns_row.size(): null

2020-08-27 15:03:24 - [TEST_STEP][PASSED] - for ([column = 0, column < columns_count, (column++)]): null

2020-08-27 15:03:24 - [TEST_STEP][PASSED] - celltext = get(column).getText(): null

2020-08-27 15:03:24 - [TEST_STEP][PASSED] - if (celltext == ExpectedValue): null

2020-08-27 15:03:24 - [TEST_STEP][PASSED] - celltext = get(column).getText(): null

2020-08-27 15:03:24 - [TEST_STEP][PASSED] - if (celltext == ExpectedValue): null

2020-08-27 15:03:24 - [TEST_STEP][PASSED] - CaseID = get(0).getText(): null

2020-08-27 15:03:24 - [TEST_STEP][PASSED] - println("Case ID: " + CaseID): null

2020-08-27 15:03:24 - [TEST_STEP][PASSED] - tagName("span")).click(): null

2020-08-27 15:03:25 - [TEST_STEP][PASSED] - xpath("//*[text()=' MIGUEL ODA ']")).click(): null

2020-08-27 15:03:25 - [TEST_STEP][PASSED] - tagName("button")).click(): null

2020-08-27 15:03:26 - [TEST_STEP][PASSED] - break: null

2020-08-27 15:03:26 - [TEST_STEP][PASSED] - delay(3): Delayed 3 second(s)

2020-08-27 15:03:29 - [MESSAGE][PASSED] - Delayed 3 second(s)

2020-08-27 15:03:29 - [TEST_STEP][PASSED] - closeBrowser(): Browser is closed

2020-08-27 15:03:30 - [MESSAGE][PASSED] - Browser is closed]]></system-out>
         <system-err><![CDATA[]]></system-err>
      </testcase>
      <testcase name="Test Cases/Clemency Regression Testing/4-SupervisoReviewSigned" time="49.24" classname="Test Cases/Clemency Regression Testing/4-SupervisoReviewSigned" status="ERROR">
         <error type="ERROR" message="Test Cases/Clemency Regression Testing/4-SupervisoReviewSigned FAILED.
Reason:
org.openqa.selenium.StaleElementReferenceException: stale element reference: element is not attached to the page document
  (Session info: chrome=84.0.4147.135)
For documentation on this error, please visit: https://www.seleniumhq.org/exceptions/stale_element_reference.html
Build info: version: '3.141.59', revision: 'e82be7d358', time: '2018-11-14T08:25:53'
System info: host: 'EIS10L111462', ip: '10.124.46.37', os.name: 'Windows 10', os.arch: 'amd64', os.version: '10.0', java.version: '1.8.0_181'
Driver info: com.kms.katalon.selenium.driver.CChromeDriver
Capabilities {acceptInsecureCerts: false, browserName: chrome, browserVersion: 84.0.4147.135, chrome: {chromedriverVersion: 83.0.4103.39 (ccbf011cb2d2b..., userDataDir: C:\Users\miguel.oda\AppData...}, goog:chromeOptions: {debuggerAddress: localhost:52116}, javascriptEnabled: true, networkConnectionEnabled: false, pageLoadStrategy: normal, platform: WINDOWS, platformName: WINDOWS, proxy: Proxy(), setWindowRect: true, strictFileInteractability: false, timeouts: {implicit: 0, pageLoad: 300000, script: 30000}, unhandledPromptBehavior: dismiss and notify, webauthn:virtualAuthenticators: true}
Session ID: e1ac3c0b425dd8de0c145bd82794b345
*** Element info: {Using=tag name, value=td}
	at org.openqa.selenium.remote.http.W3CHttpResponseCodec.createException(W3CHttpResponseCodec.java:187)
	at org.openqa.selenium.remote.http.W3CHttpResponseCodec.decode(W3CHttpResponseCodec.java:122)
	at org.openqa.selenium.remote.http.W3CHttpResponseCodec.decode(W3CHttpResponseCodec.java:49)
	at org.openqa.selenium.remote.HttpCommandExecutor.execute(HttpCommandExecutor.java:158)
	at org.openqa.selenium.remote.service.DriverCommandExecutor.execute(DriverCommandExecutor.java:83)
	at org.openqa.selenium.remote.RemoteWebDriver.execute(RemoteWebDriver.java:552)
	at com.kms.katalon.selenium.driver.CChromeDriver.execute(CChromeDriver.java:19)
	at org.openqa.selenium.remote.RemoteWebElement.execute(RemoteWebElement.java:285)
	at org.openqa.selenium.remote.RemoteWebElement.findElements(RemoteWebElement.java:204)
	at org.openqa.selenium.remote.RemoteWebElement.findElementsByTagName(RemoteWebElement.java:281)
	at org.openqa.selenium.By$ByTagName.findElements(By.java:312)
	at org.openqa.selenium.remote.RemoteWebElement.findElements(RemoteWebElement.java:177)
	at org.openqa.selenium.support.events.EventFiringWebDriver$EventFiringWebElement.lambda$new$0(EventFiringWebDriver.java:404)
	at com.sun.proxy.$Proxy9.findElements(Unknown Source)
	at org.openqa.selenium.support.events.EventFiringWebDriver$EventFiringWebElement.findElements(EventFiringWebDriver.java:504)
	at org.openqa.selenium.WebElement$findElements.call(Unknown Source)
	at 4-SupervisoReviewSigned.run(4-SupervisoReviewSigned:50)
	at com.kms.katalon.core.main.ScriptEngine.run(ScriptEngine.java:194)
	at com.kms.katalon.core.main.ScriptEngine.runScriptAsRawText(ScriptEngine.java:119)
	at com.kms.katalon.core.main.TestCaseExecutor.runScript(TestCaseExecutor.java:339)
	at com.kms.katalon.core.main.TestCaseExecutor.doExecute(TestCaseExecutor.java:330)
	at com.kms.katalon.core.main.TestCaseExecutor.processExecutionPhase(TestCaseExecutor.java:309)
	at com.kms.katalon.core.main.TestCaseExecutor.accessMainPhase(TestCaseExecutor.java:301)
	at com.kms.katalon.core.main.TestCaseExecutor.execute(TestCaseExecutor.java:235)
	at com.kms.katalon.core.main.TestSuiteExecutor.accessTestCaseMainPhase(TestSuiteExecutor.java:191)
	at com.kms.katalon.core.main.TestSuiteExecutor.accessTestSuiteMainPhase(TestSuiteExecutor.java:141)
	at com.kms.katalon.core.main.TestSuiteExecutor.execute(TestSuiteExecutor.java:90)
	at com.kms.katalon.core.main.TestCaseMain.startTestSuite(TestCaseMain.java:157)
	at com.kms.katalon.core.main.TestCaseMain$startTestSuite$0.call(Unknown Source)
	at TempTestSuite1598565606944.run(TempTestSuite1598565606944.groovy:39)
"/>
         <system-out><![CDATA[2020-08-27 15:03:30 - [TEST_CASE][ERROR] - Test Cases/Clemency Regression Testing/4-SupervisoReviewSigned: Test Cases/Clemency Regression Testing/4-SupervisoReviewSigned FAILED.
Reason:
org.openqa.selenium.StaleElementReferenceException: stale element reference: element is not attached to the page document
  (Session info: chrome=84.0.4147.135)
For documentation on this error, please visit: https://www.seleniumhq.org/exceptions/stale_element_reference.html
Build info: version: '3.141.59', revision: 'e82be7d358', time: '2018-11-14T08:25:53'
System info: host: 'EIS10L111462', ip: '10.124.46.37', os.name: 'Windows 10', os.arch: 'amd64', os.version: '10.0', java.version: '1.8.0_181'
Driver info: com.kms.katalon.selenium.driver.CChromeDriver
Capabilities {acceptInsecureCerts: false, browserName: chrome, browserVersion: 84.0.4147.135, chrome: {chromedriverVersion: 83.0.4103.39 (ccbf011cb2d2b..., userDataDir: C:\Users\miguel.oda\AppData...}, goog:chromeOptions: {debuggerAddress: localhost:52116}, javascriptEnabled: true, networkConnectionEnabled: false, pageLoadStrategy: normal, platform: WINDOWS, platformName: WINDOWS, proxy: Proxy(), setWindowRect: true, strictFileInteractability: false, timeouts: {implicit: 0, pageLoad: 300000, script: 30000}, unhandledPromptBehavior: dismiss and notify, webauthn:virtualAuthenticators: true}
Session ID: e1ac3c0b425dd8de0c145bd82794b345
*** Element info: {Using=tag name, value=td}
	at org.openqa.selenium.remote.http.W3CHttpResponseCodec.createException(W3CHttpResponseCodec.java:187)
	at org.openqa.selenium.remote.http.W3CHttpResponseCodec.decode(W3CHttpResponseCodec.java:122)
	at org.openqa.selenium.remote.http.W3CHttpResponseCodec.decode(W3CHttpResponseCodec.java:49)
	at org.openqa.selenium.remote.HttpCommandExecutor.execute(HttpCommandExecutor.java:158)
	at org.openqa.selenium.remote.service.DriverCommandExecutor.execute(DriverCommandExecutor.java:83)
	at org.openqa.selenium.remote.RemoteWebDriver.execute(RemoteWebDriver.java:552)
	at com.kms.katalon.selenium.driver.CChromeDriver.execute(CChromeDriver.java:19)
	at org.openqa.selenium.remote.RemoteWebElement.execute(RemoteWebElement.java:285)
	at org.openqa.selenium.remote.RemoteWebElement.findElements(RemoteWebElement.java:204)
	at org.openqa.selenium.remote.RemoteWebElement.findElementsByTagName(RemoteWebElement.java:281)
	at org.openqa.selenium.By$ByTagName.findElements(By.java:312)
	at org.openqa.selenium.remote.RemoteWebElement.findElements(RemoteWebElement.java:177)
	at org.openqa.selenium.support.events.EventFiringWebDriver$EventFiringWebElement.lambda$new$0(EventFiringWebDriver.java:404)
	at com.sun.proxy.$Proxy9.findElements(Unknown Source)
	at org.openqa.selenium.support.events.EventFiringWebDriver$EventFiringWebElement.findElements(EventFiringWebDriver.java:504)
	at org.openqa.selenium.WebElement$findElements.call(Unknown Source)
	at 4-SupervisoReviewSigned.run(4-SupervisoReviewSigned:50)
	at com.kms.katalon.core.main.ScriptEngine.run(ScriptEngine.java:194)
	at com.kms.katalon.core.main.ScriptEngine.runScriptAsRawText(ScriptEngine.java:119)
	at com.kms.katalon.core.main.TestCaseExecutor.runScript(TestCaseExecutor.java:339)
	at com.kms.katalon.core.main.TestCaseExecutor.doExecute(TestCaseExecutor.java:330)
	at com.kms.katalon.core.main.TestCaseExecutor.processExecutionPhase(TestCaseExecutor.java:309)
	at com.kms.katalon.core.main.TestCaseExecutor.accessMainPhase(TestCaseExecutor.java:301)
	at com.kms.katalon.core.main.TestCaseExecutor.execute(TestCaseExecutor.java:235)
	at com.kms.katalon.core.main.TestSuiteExecutor.accessTestCaseMainPhase(TestSuiteExecutor.java:191)
	at com.kms.katalon.core.main.TestSuiteExecutor.accessTestSuiteMainPhase(TestSuiteExecutor.java:141)
	at com.kms.katalon.core.main.TestSuiteExecutor.execute(TestSuiteExecutor.java:90)
	at com.kms.katalon.core.main.TestCaseMain.startTestSuite(TestCaseMain.java:157)
	at com.kms.katalon.core.main.TestCaseMain$startTestSuite$0.call(Unknown Source)
	at TempTestSuite1598565606944.run(TempTestSuite1598565606944.groovy:39)


2020-08-27 15:03:30 - [TEST_STEP][PASSED] - openBrowser(""): Browser is opened with url: ''

2020-08-27 15:03:30 - [MESSAGE][INFO] - Starting 'Chrome' driver

2020-08-27 15:03:30 - [MESSAGE][INFO] - Action delay is set to 0 milliseconds

2020-08-27 15:03:33 - [MESSAGE][PASSED] - Browser is opened with url: ''

2020-08-27 15:03:33 - [TEST_STEP][PASSED] - deleteAllCookies(): Delete all cookies successfully

2020-08-27 15:03:33 - [MESSAGE][PASSED] - Delete all cookies successfully

2020-08-27 15:03:33 - [TEST_STEP][PASSED] - maximizeWindow(): Current window maximized

2020-08-27 15:03:34 - [MESSAGE][PASSED] - Current window maximized

2020-08-27 15:03:34 - [TEST_STEP][PASSED] - navigateToUrl(Url + "ngbits/clemency/investigator"): Navigate to 'https://bits-dev4qa/ngbits/clemency/investigator' successfully

2020-08-27 15:03:55 - [MESSAGE][PASSED] - Navigate to 'https://bits-dev4qa/ngbits/clemency/investigator' successfully

2020-08-27 15:03:55 - [TEST_STEP][PASSED] - waitForElementVisible(findTestObject("ClemencyRegressionTesting/Investigator Dashboard/button_Open"), 0): Object 'Object Repository/ClemencyRegressionTesting/Investigator Dashboard/button_Open' is visible

2020-08-27 15:03:56 - [MESSAGE][WARNING] - Timeout '0' is invalid. Using default page load timeout: '30'

2020-08-27 15:04:14 - [MESSAGE][PASSED] - Object 'Object Repository/ClemencyRegressionTesting/Investigator Dashboard/button_Open' is visible

2020-08-27 15:04:14 - [TEST_STEP][PASSED] - driver = getWebDriver(): null

2020-08-27 15:04:14 - [TEST_STEP][PASSED] - ExpectedValue = "KatalonSW": null

2020-08-27 15:04:14 - [TEST_STEP][PASSED] - Table = driver.findElement(By.xpath("id("cdk-accordion-child-0")/div[@class="mat-expansion-panel-body"]/mdt-dynamic-table[1]/table[@class="mat-table"]")): null

2020-08-27 15:04:15 - [TEST_STEP][PASSED] - rows_table = Table.findElements(By.tagName("tr")): null

2020-08-27 15:04:15 - [TEST_STEP][PASSED] - rows_count = rows_table.size(): null

2020-08-27 15:04:15 - [TEST_STEP][PASSED] - for ([row = 0, row < rows_count, (row++)]): null

2020-08-27 15:04:15 - [TEST_STEP][PASSED] - Columns_row = get(row).findElements(By.tagName("td")): null

2020-08-27 15:04:15 - [TEST_STEP][PASSED] - columns_count = Columns_row.size(): null

2020-08-27 15:04:15 - [TEST_STEP][PASSED] - for ([column = 0, column < columns_count, (column++)]): null

2020-08-27 15:04:15 - [TEST_STEP][PASSED] - Columns_row = get(row).findElements(By.tagName("td")): null

2020-08-27 15:04:15 - [TEST_STEP][PASSED] - columns_count = Columns_row.size(): null

2020-08-27 15:04:15 - [TEST_STEP][PASSED] - for ([column = 0, column < columns_count, (column++)]): null

2020-08-27 15:04:15 - [TEST_STEP][PASSED] - celltext = get(column).getText(): null

2020-08-27 15:04:15 - [TEST_STEP][PASSED] - if (celltext == ExpectedValue): null

2020-08-27 15:04:15 - [TEST_STEP][PASSED] - celltext = get(column).getText(): null

2020-08-27 15:04:15 - [TEST_STEP][PASSED] - if (celltext == ExpectedValue): null

2020-08-27 15:04:15 - [TEST_STEP][PASSED] - celltext = get(column).getText(): null

2020-08-27 15:04:16 - [TEST_STEP][PASSED] - if (celltext == ExpectedValue): null

2020-08-27 15:04:16 - [TEST_STEP][PASSED] - celltext = get(column).getText(): null

2020-08-27 15:04:16 - [TEST_STEP][PASSED] - if (celltext == ExpectedValue): null

2020-08-27 15:04:16 - [TEST_STEP][PASSED] - celltext = get(column).getText(): null

2020-08-27 15:04:16 - [TEST_STEP][PASSED] - if (celltext == ExpectedValue): null

2020-08-27 15:04:16 - [TEST_STEP][PASSED] - celltext = get(column).getText(): null

2020-08-27 15:04:16 - [TEST_STEP][PASSED] - if (celltext == ExpectedValue): null

2020-08-27 15:04:16 - [TEST_STEP][PASSED] - celltext = get(column).getText(): null

2020-08-27 15:04:16 - [TEST_STEP][PASSED] - if (celltext == ExpectedValue): null

2020-08-27 15:04:16 - [TEST_STEP][PASSED] - Columns_row = get(row).findElements(By.tagName("td")): null

2020-08-27 15:04:16 - [TEST_STEP][PASSED] - columns_count = Columns_row.size(): null

2020-08-27 15:04:16 - [TEST_STEP][PASSED] - for ([column = 0, column < columns_count, (column++)]): null

2020-08-27 15:04:16 - [TEST_STEP][PASSED] - celltext = get(column).getText(): null

2020-08-27 15:04:16 - [TEST_STEP][PASSED] - if (celltext == ExpectedValue): null

2020-08-27 15:04:16 - [TEST_STEP][PASSED] - celltext = get(column).getText(): null

2020-08-27 15:04:16 - [TEST_STEP][PASSED] - if (celltext == ExpectedValue): null

2020-08-27 15:04:16 - [TEST_STEP][PASSED] - celltext = get(column).getText(): null

2020-08-27 15:04:16 - [TEST_STEP][PASSED] - if (celltext == ExpectedValue): null

2020-08-27 15:04:16 - [TEST_STEP][PASSED] - celltext = get(column).getText(): null

2020-08-27 15:04:16 - [TEST_STEP][PASSED] - if (celltext == ExpectedValue): null

2020-08-27 15:04:16 - [TEST_STEP][PASSED] - celltext = get(column).getText(): null

2020-08-27 15:04:16 - [TEST_STEP][PASSED] - if (celltext == ExpectedValue): null

2020-08-27 15:04:16 - [TEST_STEP][PASSED] - celltext = get(column).getText(): null

2020-08-27 15:04:16 - [TEST_STEP][PASSED] - if (celltext == ExpectedValue): null

2020-08-27 15:04:16 - [TEST_STEP][PASSED] - celltext = get(column).getText(): null

2020-08-27 15:04:16 - [TEST_STEP][PASSED] - if (celltext == ExpectedValue): null

2020-08-27 15:04:16 - [TEST_STEP][PASSED] - Columns_row = get(row).findElements(By.tagName("td")): null

2020-08-27 15:04:16 - [TEST_STEP][PASSED] - columns_count = Columns_row.size(): null

2020-08-27 15:04:16 - [TEST_STEP][PASSED] - for ([column = 0, column < columns_count, (column++)]): null

2020-08-27 15:04:16 - [TEST_STEP][PASSED] - celltext = get(column).getText(): null

2020-08-27 15:04:16 - [TEST_STEP][PASSED] - if (celltext == ExpectedValue): null

2020-08-27 15:04:16 - [TEST_STEP][PASSED] - celltext = get(column).getText(): null

2020-08-27 15:04:16 - [TEST_STEP][PASSED] - if (celltext == ExpectedValue): null

2020-08-27 15:04:16 - [TEST_STEP][PASSED] - CaseID = get(0).getText(): null

2020-08-27 15:04:16 - [TEST_STEP][PASSED] - println("Case ID: " + CaseID): null

2020-08-27 15:04:16 - [TEST_STEP][PASSED] - tagName("button")).click(): null

2020-08-27 15:04:17 - [TEST_STEP][PASSED] - break: null

2020-08-27 15:04:17 - [TEST_STEP][PASSED] - Columns_row = get(row).findElements(By.tagName("td")): null]]></system-out>
         <system-err><![CDATA[2020-08-27 15:03:30 - [TEST_CASE][ERROR] - Test Cases/Clemency Regression Testing/4-SupervisoReviewSigned: Test Cases/Clemency Regression Testing/4-SupervisoReviewSigned FAILED.
Reason:
org.openqa.selenium.StaleElementReferenceException: stale element reference: element is not attached to the page document
  (Session info: chrome=84.0.4147.135)
For documentation on this error, please visit: https://www.seleniumhq.org/exceptions/stale_element_reference.html
Build info: version: '3.141.59', revision: 'e82be7d358', time: '2018-11-14T08:25:53'
System info: host: 'EIS10L111462', ip: '10.124.46.37', os.name: 'Windows 10', os.arch: 'amd64', os.version: '10.0', java.version: '1.8.0_181'
Driver info: com.kms.katalon.selenium.driver.CChromeDriver
Capabilities {acceptInsecureCerts: false, browserName: chrome, browserVersion: 84.0.4147.135, chrome: {chromedriverVersion: 83.0.4103.39 (ccbf011cb2d2b..., userDataDir: C:\Users\miguel.oda\AppData...}, goog:chromeOptions: {debuggerAddress: localhost:52116}, javascriptEnabled: true, networkConnectionEnabled: false, pageLoadStrategy: normal, platform: WINDOWS, platformName: WINDOWS, proxy: Proxy(), setWindowRect: true, strictFileInteractability: false, timeouts: {implicit: 0, pageLoad: 300000, script: 30000}, unhandledPromptBehavior: dismiss and notify, webauthn:virtualAuthenticators: true}
Session ID: e1ac3c0b425dd8de0c145bd82794b345
*** Element info: {Using=tag name, value=td}
	at org.openqa.selenium.remote.http.W3CHttpResponseCodec.createException(W3CHttpResponseCodec.java:187)
	at org.openqa.selenium.remote.http.W3CHttpResponseCodec.decode(W3CHttpResponseCodec.java:122)
	at org.openqa.selenium.remote.http.W3CHttpResponseCodec.decode(W3CHttpResponseCodec.java:49)
	at org.openqa.selenium.remote.HttpCommandExecutor.execute(HttpCommandExecutor.java:158)
	at org.openqa.selenium.remote.service.DriverCommandExecutor.execute(DriverCommandExecutor.java:83)
	at org.openqa.selenium.remote.RemoteWebDriver.execute(RemoteWebDriver.java:552)
	at com.kms.katalon.selenium.driver.CChromeDriver.execute(CChromeDriver.java:19)
	at org.openqa.selenium.remote.RemoteWebElement.execute(RemoteWebElement.java:285)
	at org.openqa.selenium.remote.RemoteWebElement.findElements(RemoteWebElement.java:204)
	at org.openqa.selenium.remote.RemoteWebElement.findElementsByTagName(RemoteWebElement.java:281)
	at org.openqa.selenium.By$ByTagName.findElements(By.java:312)
	at org.openqa.selenium.remote.RemoteWebElement.findElements(RemoteWebElement.java:177)
	at org.openqa.selenium.support.events.EventFiringWebDriver$EventFiringWebElement.lambda$new$0(EventFiringWebDriver.java:404)
	at com.sun.proxy.$Proxy9.findElements(Unknown Source)
	at org.openqa.selenium.support.events.EventFiringWebDriver$EventFiringWebElement.findElements(EventFiringWebDriver.java:504)
	at org.openqa.selenium.WebElement$findElements.call(Unknown Source)
	at 4-SupervisoReviewSigned.run(4-SupervisoReviewSigned:50)
	at com.kms.katalon.core.main.ScriptEngine.run(ScriptEngine.java:194)
	at com.kms.katalon.core.main.ScriptEngine.runScriptAsRawText(ScriptEngine.java:119)
	at com.kms.katalon.core.main.TestCaseExecutor.runScript(TestCaseExecutor.java:339)
	at com.kms.katalon.core.main.TestCaseExecutor.doExecute(TestCaseExecutor.java:330)
	at com.kms.katalon.core.main.TestCaseExecutor.processExecutionPhase(TestCaseExecutor.java:309)
	at com.kms.katalon.core.main.TestCaseExecutor.accessMainPhase(TestCaseExecutor.java:301)
	at com.kms.katalon.core.main.TestCaseExecutor.execute(TestCaseExecutor.java:235)
	at com.kms.katalon.core.main.TestSuiteExecutor.accessTestCaseMainPhase(TestSuiteExecutor.java:191)
	at com.kms.katalon.core.main.TestSuiteExecutor.accessTestSuiteMainPhase(TestSuiteExecutor.java:141)
	at com.kms.katalon.core.main.TestSuiteExecutor.execute(TestSuiteExecutor.java:90)
	at com.kms.katalon.core.main.TestCaseMain.startTestSuite(TestCaseMain.java:157)
	at com.kms.katalon.core.main.TestCaseMain$startTestSuite$0.call(Unknown Source)
	at TempTestSuite1598565606944.run(TempTestSuite1598565606944.groovy:39)]]></system-err>
      </testcase>
      <system-out><![CDATA[2020-08-27 15:00:09 - [TEST_SUITE][ERROR] - Clemency Regression Testing: Test Cases/Clemency Regression Testing/4-SupervisoReviewSigned FAILED.
Reason:
org.openqa.selenium.StaleElementReferenceException: stale element reference: element is not attached to the page document
  (Session info: chrome=84.0.4147.135)
For documentation on this error, please visit: https://www.seleniumhq.org/exceptions/stale_element_reference.html
Build info: version: '3.141.59', revision: 'e82be7d358', time: '2018-11-14T08:25:53'
System info: host: 'EIS10L111462', ip: '10.124.46.37', os.name: 'Windows 10', os.arch: 'amd64', os.version: '10.0', java.version: '1.8.0_181'
Driver info: com.kms.katalon.selenium.driver.CChromeDriver
Capabilities {acceptInsecureCerts: false, browserName: chrome, browserVersion: 84.0.4147.135, chrome: {chromedriverVersion: 83.0.4103.39 (ccbf011cb2d2b..., userDataDir: C:\Users\miguel.oda\AppData...}, goog:chromeOptions: {debuggerAddress: localhost:52116}, javascriptEnabled: true, networkConnectionEnabled: false, pageLoadStrategy: normal, platform: WINDOWS, platformName: WINDOWS, proxy: Proxy(), setWindowRect: true, strictFileInteractability: false, timeouts: {implicit: 0, pageLoad: 300000, script: 30000}, unhandledPromptBehavior: dismiss and notify, webauthn:virtualAuthenticators: true}
Session ID: e1ac3c0b425dd8de0c145bd82794b345
*** Element info: {Using=tag name, value=td}
	at org.openqa.selenium.remote.http.W3CHttpResponseCodec.createException(W3CHttpResponseCodec.java:187)
	at org.openqa.selenium.remote.http.W3CHttpResponseCodec.decode(W3CHttpResponseCodec.java:122)
	at org.openqa.selenium.remote.http.W3CHttpResponseCodec.decode(W3CHttpResponseCodec.java:49)
	at org.openqa.selenium.remote.HttpCommandExecutor.execute(HttpCommandExecutor.java:158)
	at org.openqa.selenium.remote.service.DriverCommandExecutor.execute(DriverCommandExecutor.java:83)
	at org.openqa.selenium.remote.RemoteWebDriver.execute(RemoteWebDriver.java:552)
	at com.kms.katalon.selenium.driver.CChromeDriver.execute(CChromeDriver.java:19)
	at org.openqa.selenium.remote.RemoteWebElement.execute(RemoteWebElement.java:285)
	at org.openqa.selenium.remote.RemoteWebElement.findElements(RemoteWebElement.java:204)
	at org.openqa.selenium.remote.RemoteWebElement.findElementsByTagName(RemoteWebElement.java:281)
	at org.openqa.selenium.By$ByTagName.findElements(By.java:312)
	at org.openqa.selenium.remote.RemoteWebElement.findElements(RemoteWebElement.java:177)
	at org.openqa.selenium.support.events.EventFiringWebDriver$EventFiringWebElement.lambda$new$0(EventFiringWebDriver.java:404)
	at com.sun.proxy.$Proxy9.findElements(Unknown Source)
	at org.openqa.selenium.support.events.EventFiringWebDriver$EventFiringWebElement.findElements(EventFiringWebDriver.java:504)
	at org.openqa.selenium.WebElement$findElements.call(Unknown Source)
	at 4-SupervisoReviewSigned.run(4-SupervisoReviewSigned:50)
	at com.kms.katalon.core.main.ScriptEngine.run(ScriptEngine.java:194)
	at com.kms.katalon.core.main.ScriptEngine.runScriptAsRawText(ScriptEngine.java:119)
	at com.kms.katalon.core.main.TestCaseExecutor.runScript(TestCaseExecutor.java:339)
	at com.kms.katalon.core.main.TestCaseExecutor.doExecute(TestCaseExecutor.java:330)
	at com.kms.katalon.core.main.TestCaseExecutor.processExecutionPhase(TestCaseExecutor.java:309)
	at com.kms.katalon.core.main.TestCaseExecutor.accessMainPhase(TestCaseExecutor.java:301)
	at com.kms.katalon.core.main.TestCaseExecutor.execute(TestCaseExecutor.java:235)
	at com.kms.katalon.core.main.TestSuiteExecutor.accessTestCaseMainPhase(TestSuiteExecutor.java:191)
	at com.kms.katalon.core.main.TestSuiteExecutor.accessTestSuiteMainPhase(TestSuiteExecutor.java:141)
	at com.kms.katalon.core.main.TestSuiteExecutor.execute(TestSuiteExecutor.java:90)
	at com.kms.katalon.core.main.TestCaseMain.startTestSuite(TestCaseMain.java:157)
	at com.kms.katalon.core.main.TestCaseMain$startTestSuite$0.call(Unknown Source)
	at TempTestSuite1598565606944.run(TempTestSuite1598565606944.groovy:39)]]></system-out>
      <system-err><![CDATA[2020-08-27 15:00:09 - [TEST_SUITE][ERROR] - Clemency Regression Testing: Test Cases/Clemency Regression Testing/4-SupervisoReviewSigned FAILED.
Reason:
org.openqa.selenium.StaleElementReferenceException: stale element reference: element is not attached to the page document
  (Session info: chrome=84.0.4147.135)
For documentation on this error, please visit: https://www.seleniumhq.org/exceptions/stale_element_reference.html
Build info: version: '3.141.59', revision: 'e82be7d358', time: '2018-11-14T08:25:53'
System info: host: 'EIS10L111462', ip: '10.124.46.37', os.name: 'Windows 10', os.arch: 'amd64', os.version: '10.0', java.version: '1.8.0_181'
Driver info: com.kms.katalon.selenium.driver.CChromeDriver
Capabilities {acceptInsecureCerts: false, browserName: chrome, browserVersion: 84.0.4147.135, chrome: {chromedriverVersion: 83.0.4103.39 (ccbf011cb2d2b..., userDataDir: C:\Users\miguel.oda\AppData...}, goog:chromeOptions: {debuggerAddress: localhost:52116}, javascriptEnabled: true, networkConnectionEnabled: false, pageLoadStrategy: normal, platform: WINDOWS, platformName: WINDOWS, proxy: Proxy(), setWindowRect: true, strictFileInteractability: false, timeouts: {implicit: 0, pageLoad: 300000, script: 30000}, unhandledPromptBehavior: dismiss and notify, webauthn:virtualAuthenticators: true}
Session ID: e1ac3c0b425dd8de0c145bd82794b345
*** Element info: {Using=tag name, value=td}
	at org.openqa.selenium.remote.http.W3CHttpResponseCodec.createException(W3CHttpResponseCodec.java:187)
	at org.openqa.selenium.remote.http.W3CHttpResponseCodec.decode(W3CHttpResponseCodec.java:122)
	at org.openqa.selenium.remote.http.W3CHttpResponseCodec.decode(W3CHttpResponseCodec.java:49)
	at org.openqa.selenium.remote.HttpCommandExecutor.execute(HttpCommandExecutor.java:158)
	at org.openqa.selenium.remote.service.DriverCommandExecutor.execute(DriverCommandExecutor.java:83)
	at org.openqa.selenium.remote.RemoteWebDriver.execute(RemoteWebDriver.java:552)
	at com.kms.katalon.selenium.driver.CChromeDriver.execute(CChromeDriver.java:19)
	at org.openqa.selenium.remote.RemoteWebElement.execute(RemoteWebElement.java:285)
	at org.openqa.selenium.remote.RemoteWebElement.findElements(RemoteWebElement.java:204)
	at org.openqa.selenium.remote.RemoteWebElement.findElementsByTagName(RemoteWebElement.java:281)
	at org.openqa.selenium.By$ByTagName.findElements(By.java:312)
	at org.openqa.selenium.remote.RemoteWebElement.findElements(RemoteWebElement.java:177)
	at org.openqa.selenium.support.events.EventFiringWebDriver$EventFiringWebElement.lambda$new$0(EventFiringWebDriver.java:404)
	at com.sun.proxy.$Proxy9.findElements(Unknown Source)
	at org.openqa.selenium.support.events.EventFiringWebDriver$EventFiringWebElement.findElements(EventFiringWebDriver.java:504)
	at org.openqa.selenium.WebElement$findElements.call(Unknown Source)
	at 4-SupervisoReviewSigned.run(4-SupervisoReviewSigned:50)
	at com.kms.katalon.core.main.ScriptEngine.run(ScriptEngine.java:194)
	at com.kms.katalon.core.main.ScriptEngine.runScriptAsRawText(ScriptEngine.java:119)
	at com.kms.katalon.core.main.TestCaseExecutor.runScript(TestCaseExecutor.java:339)
	at com.kms.katalon.core.main.TestCaseExecutor.doExecute(TestCaseExecutor.java:330)
	at com.kms.katalon.core.main.TestCaseExecutor.processExecutionPhase(TestCaseExecutor.java:309)
	at com.kms.katalon.core.main.TestCaseExecutor.accessMainPhase(TestCaseExecutor.java:301)
	at com.kms.katalon.core.main.TestCaseExecutor.execute(TestCaseExecutor.java:235)
	at com.kms.katalon.core.main.TestSuiteExecutor.accessTestCaseMainPhase(TestSuiteExecutor.java:191)
	at com.kms.katalon.core.main.TestSuiteExecutor.accessTestSuiteMainPhase(TestSuiteExecutor.java:141)
	at com.kms.katalon.core.main.TestSuiteExecutor.execute(TestSuiteExecutor.java:90)
	at com.kms.katalon.core.main.TestCaseMain.startTestSuite(TestCaseMain.java:157)
	at com.kms.katalon.core.main.TestCaseMain$startTestSuite$0.call(Unknown Source)
	at TempTestSuite1598565606944.run(TempTestSuite1598565606944.groovy:39)]]></system-err>
   </testsuite>
</testsuites>
